<?xml version="1.0" encoding="UTF-8"?>
<!-- Generated by org.testng.reporters.JUnitReportReporter -->
<testsuite skipped="0" hostname="Anitha-900436" name="TestExecution.HomePageTest" tests="3" failures="0" timestamp="20 Feb 2020 17:07:40 GMT" time="70.031" errors="0">
  <testcase name="verifyHomePageTitle" time="31.963" classname="TestExecution.HomePageTest"/>
  <testcase name="verifyUsernameTest" time="18.095" classname="TestExecution.HomePageTest"/>
  <testcase name="verifyContactsLinkTest" time="19.973" classname="TestExecution.HomePageTest"/>
</testsuite> <!-- TestExecution.HomePageTest -->
